{"name": "Verify Order Placed Test", "status": "failed", "statusDetails": {"message": "AssertionError: assert False\n +  where False = is_displayed()\n +    where is_displayed = <selenium.webdriver.remote.webelement.WebElement (session=\"a3a47b17f4ef9daa1ca767138845cde5\", element=\"f.F9B12119E3C6A5FE060E931D7E5919A6.d.0CFF11B78F745E3B77335912A0037F6C.e.27\")>.is_displayed", "trace": "driver = <selenium.webdriver.chrome.webdriver.WebDriver (session=\"a3a47b17f4ef9daa1ca767138845cde5\")>\n\n    @allure.title(\"Verify Order Placed Test\")\n    @allure.description(\"Verify that the order placed date matches today's date.\")\n    @allure.severity(allure.severity_level.NORMAL)\n    def test_verify_order_placed(driver):\n>       test_add_to_cart(driver)\n\ntest_script.py:178: \n_ _ _ _ _ _ _ _ _ _ _ _ _ _ _ _ _ _ _ _ _ _ _ _ _ _ _ _ _ _ _ _ _ _ _ _ _ _ _ _ _ _ _ _ _ _\n\ndriver = <selenium.webdriver.chrome.webdriver.WebDriver (session=\"a3a47b17f4ef9daa1ca767138845cde5\")>\n\n    @allure.title(\"Verify if user is able to add items in the cart\")\n    @allure.description(\"Verify that user can add items to the cart and complete the checkout process.\")\n    @allure.severity(allure.severity_level.BLOCKER)\n    def test_add_to_cart(driver):\n    \n        with allure.step(\"Click on 'Add to cart' button for the first item\"):\n            add_to_cart_btn = WebDriverWait(driver, 10).until(\n                EC.element_to_be_clickable((By.XPATH, '(//div[contains(text(),\"Add to cart\")])[1]'))\n            )\n            add_to_cart_btn.click()\n    \n        with allure.step(\"Verify Bag text and click Checkout\"):\n            Bag_text = WebDriverWait(driver, 10).until(\n                EC.presence_of_element_located((By.XPATH, '//span[contains(text(),\"Bag\")]'))\n            )\n>           assert Bag_text.is_displayed()\nE           assert False\nE            +  where False = is_displayed()\nE            +    where is_displayed = <selenium.webdriver.remote.webelement.WebElement (session=\"a3a47b17f4ef9daa1ca767138845cde5\", element=\"f.F9B12119E3C6A5FE060E931D7E5919A6.d.0CFF11B78F745E3B77335912A0037F6C.e.27\")>.is_displayed\n\ntest_script.py:114: AssertionError"}, "description": "Verify that the order placed date matches today's date.", "steps": [{"name": "Click on 'Add to cart' button for the first item", "status": "passed", "start": 1756013222319, "stop": 1756013222387}, {"name": "Verify Bag text and click Checkout", "status": "failed", "statusDetails": {"message": "AssertionError: assert False\n +  where False = is_displayed()\n +    where is_displayed = <selenium.webdriver.remote.webelement.WebElement (session=\"a3a47b17f4ef9daa1ca767138845cde5\", element=\"f.F9B12119E3C6A5FE060E931D7E5919A6.d.0CFF11B78F745E3B77335912A0037F6C.e.27\")>.is_displayed\n", "trace": "  File \"/Users/akashdeepsingh/Desktop/Broswerstack/test_script.py\", line 114, in test_add_to_cart\n    assert Bag_text.is_displayed()\n"}, "start": 1756013222387, "stop": 1756013222397}], "start": 1756013222318, "stop": 1756013222397, "uuid": "67d884a7-8235-4c24-a4a5-aa518bed43b0", "historyId": "0aeaa9a107ad6a6f5d3cabeee612c519", "testCaseId": "0aeaa9a107ad6a6f5d3cabeee612c519", "fullName": "test_script#test_verify_order_placed", "labels": [{"name": "severity", "value": "normal"}, {"name": "suite", "value": "test_script"}, {"name": "host", "value": "Akashs-MacBook-Air-2.local"}, {"name": "thread", "value": "81859-MainThread"}, {"name": "framework", "value": "pytest"}, {"name": "language", "value": "cpython3"}, {"name": "package", "value": "test_script"}]}