{"name": "Verify if user is able to add items in the cart", "status": "failed", "statusDetails": {"message": "AssertionError: assert False\n +  where False = is_displayed()\n +    where is_displayed = <selenium.webdriver.remote.webelement.WebElement (session=\"83d54664665c4ac48fcb44a350e4f952\", element=\"f.19DA724D3AE960AAF5476F841B75A421.d.CE461EE7823F5CCD797912E47670504B.e.23\")>.is_displayed", "trace": "driver = <selenium.webdriver.chrome.webdriver.WebDriver (session=\"83d54664665c4ac48fcb44a350e4f952\")>\n\n    @allure.title(\"Verify if user is able to add items in the cart\")\n    @allure.description(\"Verify that user can add items to the cart and complete the checkout process.\")\n    @allure.severity(allure.severity_level.BLOCKER)\n    def test_add_to_cart(driver):\n    \n        with allure.step(\"Click on 'Add to cart' button for the first item\"):\n            add_to_cart_btn = WebDriverWait(driver, 10).until(\n                EC.element_to_be_clickable((By.XPATH, '(//div[contains(text(),\"Add to cart\")])[1]'))\n            )\n            add_to_cart_btn.click()\n    \n        with allure.step(\"Verify Bag text and click Checkout\"):\n            Bag_text = WebDriverWait(driver, 10).until(\n                EC.presence_of_element_located((By.XPATH, '//span[contains(text(),\"Bag\")]'))\n            )\n>           assert Bag_text.is_displayed()\nE           assert False\nE            +  where False = is_displayed()\nE            +    where is_displayed = <selenium.webdriver.remote.webelement.WebElement (session=\"83d54664665c4ac48fcb44a350e4f952\", element=\"f.19DA724D3AE960AAF5476F841B75A421.d.CE461EE7823F5CCD797912E47670504B.e.23\")>.is_displayed\n\ntest_script.py:114: AssertionError"}, "description": "Verify that user can add items to the cart and complete the checkout process.", "steps": [{"name": "Click on 'Add to cart' button for the first item", "status": "passed", "start": 1756013213781, "stop": 1756013213857}, {"name": "Verify Bag text and click Checkout", "status": "failed", "statusDetails": {"message": "AssertionError: assert False\n +  where False = is_displayed()\n +    where is_displayed = <selenium.webdriver.remote.webelement.WebElement (session=\"83d54664665c4ac48fcb44a350e4f952\", element=\"f.19DA724D3AE960AAF5476F841B75A421.d.CE461EE7823F5CCD797912E47670504B.e.23\")>.is_displayed\n", "trace": "  File \"/Users/akashdeepsingh/Desktop/Broswerstack/test_script.py\", line 114, in test_add_to_cart\n    assert Bag_text.is_displayed()\n"}, "start": 1756013213857, "stop": 1756013213865}], "start": 1756013213781, "stop": 1756013213867, "uuid": "37caac9d-c6ed-487a-932f-e2fc24e62643", "historyId": "17392dd79e68134ce5da473e34d08a92", "testCaseId": "17392dd79e68134ce5da473e34d08a92", "fullName": "test_script#test_add_to_cart", "labels": [{"name": "severity", "value": "blocker"}, {"name": "suite", "value": "test_script"}, {"name": "host", "value": "Akashs-MacBook-Air-2.local"}, {"name": "thread", "value": "81859-MainThread"}, {"name": "framework", "value": "pytest"}, {"name": "language", "value": "cpython3"}, {"name": "package", "value": "test_script"}]}